<?xml version="1.0" encoding="UTF-8"?>
<!-- Generated by org.testng.reporters.JUnitReportReporter -->
<testsuite skipped="0" hostname="994560APD11QA12" name="com.primero.qa.testcases.CreateCaseTest" tests="2" failures="0" timestamp="30 Nov 2018 20:15:32 GMT" time="54.864" errors="0">
  <testcase name="FeedDatatoNewCaseForm" time="27.531" classname="com.primero.qa.testcases.CreateCaseTest"/>
  <testcase name="FeedDatatoNewCaseForm" time="27.333" classname="com.primero.qa.testcases.CreateCaseTest"/>
</testsuite> <!-- com.primero.qa.testcases.CreateCaseTest -->
