<?xml version="1.0" encoding="UTF-8"?>
<!-- Generated by org.testng.reporters.JUnitReportReporter -->
<testsuite skipped="0" hostname="994560APD11QA12" name="com.primero.qa.testcases.CreateCaseTest" tests="5" failures="0" timestamp="28 Nov 2018 17:54:37 GMT" time="194.892" errors="0">
  <testcase name="FeedDatatoNewCaseForm" time="40.019" classname="com.primero.qa.testcases.CreateCaseTest"/>
  <testcase name="FeedDatatoNewCaseForm" time="37.465" classname="com.primero.qa.testcases.CreateCaseTest"/>
  <testcase name="FeedDatatoNewCaseForm" time="35.869" classname="com.primero.qa.testcases.CreateCaseTest"/>
  <testcase name="FeedDatatoNewCaseForm" time="43.581" classname="com.primero.qa.testcases.CreateCaseTest"/>
  <testcase name="FeedDatatoNewCaseForm" time="37.958" classname="com.primero.qa.testcases.CreateCaseTest"/>
</testsuite> <!-- com.primero.qa.testcases.CreateCaseTest -->
