<?xml version="1.0" encoding="UTF-8"?>
<!-- Generated by org.testng.reporters.JUnitReportReporter -->
<testsuite skipped="0" hostname="994560APD11QA12" name="com.primero.qa.testcases.CreateCaseTest" tests="5" failures="0" timestamp="28 Nov 2018 16:44:09 GMT" time="206.697" errors="0">
  <testcase name="FeedDatatoNewCaseForm" time="40.214" classname="com.primero.qa.testcases.CreateCaseTest"/>
  <testcase name="FeedDatatoNewCaseForm" time="38.264" classname="com.primero.qa.testcases.CreateCaseTest"/>
  <testcase name="FeedDatatoNewCaseForm" time="54.260" classname="com.primero.qa.testcases.CreateCaseTest"/>
  <testcase name="FeedDatatoNewCaseForm" time="35.920" classname="com.primero.qa.testcases.CreateCaseTest"/>
  <testcase name="FeedDatatoNewCaseForm" time="38.039" classname="com.primero.qa.testcases.CreateCaseTest"/>
</testsuite> <!-- com.primero.qa.testcases.CreateCaseTest -->
