<?xml version="1.0" encoding="UTF-8"?>
<!-- Generated by org.testng.reporters.JUnitReportReporter -->
<testsuite skipped="0" hostname="994560APD11QA12" name="com.primero.qa.testcases.CreateCaseTest" tests="3" failures="0" timestamp="16 Nov 2018 03:44:16 GMT" time="17.401" errors="0">
  <testcase name="LoginIntoPrimero" time="3.023" classname="com.primero.qa.testcases.CreateCaseTest"/>
  <testcase name="CreateNewCaseForm" time="2.435" classname="com.primero.qa.testcases.CreateCaseTest"/>
  <testcase name="FeedDatatoNewCaseForm" time="11.943" classname="com.primero.qa.testcases.CreateCaseTest"/>
</testsuite> <!-- com.primero.qa.testcases.CreateCaseTest -->
